{"C:\\Users\\Erez\\OneDrive\\Documents\\CS\\Bootcamp\\Firewall\\backend\\scripts\\mock_data_population.ts": {"path":"C:\\Users\\Erez\\OneDrive\\Documents\\CS\\Bootcamp\\Firewall\\backend\\scripts\\mock_data_population.ts","statementMap":{"0":{"start":{"line":2,"column":18},"end":{"line":2,"column":44}},"1":{"start":{"line":3,"column":0},"end":{"line":3,"column":43}},"2":{"start":{"line":4,"column":0},"end":{"line":4,"column":54}},"3":{"start":{"line":10,"column":2},"end":{"line":10,"column":179}},"4":{"start":{"line":13,"column":2},"end":{"line":13,"column":55}},"5":{"start":{"line":16,"column":2},"end":{"line":16,"column":30}},"6":{"start":{"line":19,"column":2},"end":{"line":19,"column":59}},"7":{"start":{"line":22,"column":2},"end":{"line":22,"column":64}},"8":{"start":{"line":27,"column":87},"end":{"line":27,"column":89}},"9":{"start":{"line":29,"column":2},"end":{"line":36,"column":3}},"10":{"start":{"line":29,"column":15},"end":{"line":29,"column":16}},"11":{"start":{"line":30,"column":4},"end":{"line":35,"column":7}},"12":{"start":{"line":38,"column":2},"end":{"line":38,"column":80}},"13":{"start":{"line":39,"column":2},"end":{"line":39,"column":89}},"14":{"start":{"line":40,"column":2},"end":{"line":40,"column":80}},"15":{"start":{"line":41,"column":2},"end":{"line":41,"column":84}},"16":{"start":{"line":43,"column":2},"end":{"line":50,"column":3}},"17":{"start":{"line":43,"column":15},"end":{"line":43,"column":16}},"18":{"start":{"line":44,"column":4},"end":{"line":49,"column":7}},"19":{"start":{"line":52,"column":2},"end":{"line":52,"column":76}},"20":{"start":{"line":53,"column":2},"end":{"line":53,"column":81}},"21":{"start":{"line":54,"column":2},"end":{"line":54,"column":77}},"22":{"start":{"line":55,"column":2},"end":{"line":55,"column":78}},"23":{"start":{"line":57,"column":2},"end":{"line":64,"column":3}},"24":{"start":{"line":57,"column":15},"end":{"line":57,"column":16}},"25":{"start":{"line":58,"column":4},"end":{"line":63,"column":7}},"26":{"start":{"line":66,"column":2},"end":{"line":66,"column":90}},"27":{"start":{"line":67,"column":2},"end":{"line":67,"column":92}},"28":{"start":{"line":68,"column":2},"end":{"line":68,"column":93}},"29":{"start":{"line":69,"column":2},"end":{"line":69,"column":95}},"30":{"start":{"line":71,"column":2},"end":{"line":71,"column":48}},"31":{"start":{"line":72,"column":2},"end":{"line":72,"column":63}},"32":{"start":{"line":78,"column":0},"end":{"line":83,"column":1}},"33":{"start":{"line":79,"column":2},"end":{"line":82,"column":5}},"34":{"start":{"line":81,"column":4},"end":{"line":81,"column":20}}},"fnMap":{"0":{"name":"getRandomIP","decl":{"start":{"line":9,"column":9},"end":{"line":9,"column":20}},"loc":{"start":{"line":9,"column":20},"end":{"line":11,"column":1}}},"1":{"name":"getRandomPort","decl":{"start":{"line":12,"column":9},"end":{"line":12,"column":22}},"loc":{"start":{"line":12,"column":22},"end":{"line":14,"column":1}}},"2":{"name":"getRandomURL","decl":{"start":{"line":15,"column":9},"end":{"line":15,"column":21}},"loc":{"start":{"line":15,"column":21},"end":{"line":17,"column":1}}},"3":{"name":"getRandomType","decl":{"start":{"line":18,"column":9},"end":{"line":18,"column":22}},"loc":{"start":{"line":18,"column":22},"end":{"line":20,"column":1}}},"4":{"name":"getRandomMode","decl":{"start":{"line":21,"column":9},"end":{"line":21,"column":22}},"loc":{"start":{"line":21,"column":22},"end":{"line":23,"column":1}}},"5":{"name":"populateMockData","decl":{"start":{"line":26,"column":15},"end":{"line":26,"column":31}},"loc":{"start":{"line":26,"column":31},"end":{"line":73,"column":1}}},"6":{"name":"(anonymous_6)","decl":{"start":{"line":79,"column":26},"end":{"line":79,"column":29}},"loc":{"start":{"line":79,"column":31},"end":{"line":82,"column":3}}}},"branchMap":{"0":{"loc":{"start":{"line":78,"column":0},"end":{"line":83,"column":1}},"type":"if","locations":[{"start":{"line":78,"column":0},"end":{"line":83,"column":1}},{"start":{},"end":{}}]},"1":{"loc":{"start":{"line":78,"column":4},"end":{"line":78,"column":94}},"type":"binary-expr","locations":[{"start":{"line":78,"column":4},"end":{"line":78,"column":34}},{"start":{"line":78,"column":38},"end":{"line":78,"column":67}},{"start":{"line":78,"column":71},"end":{"line":78,"column":94}}]}},"s":{"0":1,"1":1,"2":1,"3":0,"4":0,"5":0,"6":0,"7":0,"8":0,"9":0,"10":0,"11":0,"12":0,"13":0,"14":0,"15":0,"16":0,"17":0,"18":0,"19":0,"20":0,"21":0,"22":0,"23":0,"24":0,"25":0,"26":0,"27":0,"28":0,"29":0,"30":0,"31":0,"32":1,"33":0,"34":0},"f":{"0":0,"1":0,"2":0,"3":0,"4":0,"5":0,"6":0},"b":{"0":[0,1],"1":[1,1,1]}}
,"C:\\Users\\Erez\\OneDrive\\Documents\\CS\\Bootcamp\\Firewall\\backend\\src\\server.ts": {"path":"C:\\Users\\Erez\\OneDrive\\Documents\\CS\\Bootcamp\\Firewall\\backend\\src\\server.ts","statementMap":{"0":{"start":{"line":3,"column":0},"end":{"line":3,"column":30}},"1":{"start":{"line":4,"column":0},"end":{"line":4,"column":47}},"2":{"start":{"line":5,"column":0},"end":{"line":5,"column":38}},"3":{"start":{"line":6,"column":0},"end":{"line":6,"column":37}},"4":{"start":{"line":8,"column":12},"end":{"line":8,"column":21}},"5":{"start":{"line":9,"column":0},"end":{"line":9,"column":24}},"6":{"start":{"line":10,"column":0},"end":{"line":10,"column":41}},"7":{"start":{"line":16,"column":0},"end":{"line":20,"column":1}},"8":{"start":{"line":17,"column":1},"end":{"line":19,"column":4}},"9":{"start":{"line":18,"column":2},"end":{"line":18,"column":71}},"10":{"start":{"line":22,"column":0},"end":{"line":22,"column":19}}},"fnMap":{"0":{"name":"(anonymous_1)","decl":{"start":{"line":17,"column":25},"end":{"line":17,"column":28}},"loc":{"start":{"line":17,"column":30},"end":{"line":19,"column":2}}}},"branchMap":{"0":{"loc":{"start":{"line":16,"column":0},"end":{"line":20,"column":1}},"type":"if","locations":[{"start":{"line":16,"column":0},"end":{"line":20,"column":1}},{"start":{},"end":{}}]},"1":{"loc":{"start":{"line":16,"column":4},"end":{"line":16,"column":94}},"type":"binary-expr","locations":[{"start":{"line":16,"column":4},"end":{"line":16,"column":34}},{"start":{"line":16,"column":38},"end":{"line":16,"column":67}},{"start":{"line":16,"column":71},"end":{"line":16,"column":94}}]}},"s":{"0":1,"1":1,"2":1,"3":1,"4":1,"5":1,"6":1,"7":1,"8":0,"9":0,"10":1},"f":{"0":0},"b":{"0":[0,1],"1":[1,1,1]}}
,"C:\\Users\\Erez\\OneDrive\\Documents\\CS\\Bootcamp\\Firewall\\backend\\src\\config\\Logger.ts": {"path":"C:\\Users\\Erez\\OneDrive\\Documents\\CS\\Bootcamp\\Firewall\\backend\\src\\config\\Logger.ts","statementMap":{"0":{"start":{"line":1,"column":0},"end":{"line":1,"column":30}},"1":{"start":{"line":2,"column":0},"end":{"line":2,"column":31}},"2":{"start":{"line":4,"column":16},"end":{"line":4,"column":22}},"3":{"start":{"line":7,"column":18},"end":{"line":12,"column":null}},"4":{"start":{"line":11,"column":4},"end":{"line":11,"column":77}},"5":{"start":{"line":15,"column":38},"end":{"line":15,"column":40}},"6":{"start":{"line":16,"column":12},"end":{"line":16,"column":19}},"7":{"start":{"line":18,"column":0},"end":{"line":35,"column":1}},"8":{"start":{"line":19,"column":2},"end":{"line":29,"column":3}},"9":{"start":{"line":20,"column":4},"end":{"line":22,"column":6}},"10":{"start":{"line":23,"column":4},"end":{"line":23,"column":19}},"11":{"start":{"line":25,"column":4},"end":{"line":27,"column":6}},"12":{"start":{"line":28,"column":4},"end":{"line":28,"column":20}},"13":{"start":{"line":32,"column":2},"end":{"line":32,"column":71}},"14":{"start":{"line":33,"column":2},"end":{"line":33,"column":18}},"15":{"start":{"line":34,"column":2},"end":{"line":34,"column":79}},"16":{"start":{"line":37,"column":15},"end":{"line":41,"column":2}},"17":{"start":{"line":44,"column":0},"end":{"line":46,"column":2}},"18":{"start":{"line":45,"column":2},"end":{"line":45,"column":42}},"19":{"start":{"line":48,"column":0},"end":{"line":48,"column":22}}},"fnMap":{"0":{"name":"(anonymous_1)","decl":{"start":{"line":10,"column":24},"end":{"line":10,"column":25}},"loc":{"start":{"line":10,"column":65},"end":{"line":12,"column":3}}},"1":{"name":"(anonymous_2)","decl":{"start":{"line":44,"column":14},"end":{"line":44,"column":15}},"loc":{"start":{"line":44,"column":33},"end":{"line":46,"column":1}}}},"branchMap":{"0":{"loc":{"start":{"line":11,"column":49},"end":{"line":11,"column":74}},"type":"cond-expr","locations":[{"start":{"line":11,"column":57},"end":{"line":11,"column":69}},{"start":{"line":11,"column":72},"end":{"line":11,"column":74}}]},"1":{"loc":{"start":{"line":19,"column":2},"end":{"line":29,"column":3}},"type":"if","locations":[{"start":{"line":19,"column":2},"end":{"line":29,"column":3}},{"start":{"line":24,"column":9},"end":{"line":29,"column":3}}]}},"s":{"0":1,"1":1,"2":1,"3":1,"4":107,"5":1,"6":1,"7":1,"8":1,"9":0,"10":0,"11":1,"12":1,"13":0,"14":0,"15":0,"16":1,"17":1,"18":1,"19":1},"f":{"0":107,"1":1},"b":{"0":[0,107],"1":[0,1]}}
,"C:\\Users\\Erez\\OneDrive\\Documents\\CS\\Bootcamp\\Firewall\\backend\\src\\config\\drizzle.ts": {"path":"C:\\Users\\Erez\\OneDrive\\Documents\\CS\\Bootcamp\\Firewall\\backend\\src\\config\\drizzle.ts","statementMap":{"0":{"start":{"line":1,"column":0},"end":{"line":1,"column":50}},"1":{"start":{"line":2,"column":0},"end":{"line":2,"column":32}},"2":{"start":{"line":3,"column":0},"end":{"line":3,"column":31}},"3":{"start":{"line":5,"column":15},"end":{"line":5,"column":44}},"4":{"start":{"line":6,"column":13},"end":{"line":6,"column":34}}},"fnMap":{},"branchMap":{},"s":{"0":1,"1":1,"2":1,"3":1,"4":1},"f":{},"b":{}}
,"C:\\Users\\Erez\\OneDrive\\Documents\\CS\\Bootcamp\\Firewall\\backend\\src\\config\\env.ts": {"path":"C:\\Users\\Erez\\OneDrive\\Documents\\CS\\Bootcamp\\Firewall\\backend\\src\\config\\env.ts","statementMap":{"0":{"start":{"line":2,"column":0},"end":{"line":2,"column":23}},"1":{"start":{"line":3,"column":0},"end":{"line":3,"column":24}},"2":{"start":{"line":6,"column":13},"end":{"line":6,"column":29}},"3":{"start":{"line":7,"column":13},"end":{"line":7,"column":43}},"4":{"start":{"line":8,"column":13},"end":{"line":8,"column":33}},"5":{"start":{"line":9,"column":13},"end":{"line":9,"column":26}},"6":{"start":{"line":10,"column":13},"end":{"line":10,"column":30}},"7":{"start":{"line":13,"column":18},"end":{"line":21,"column":2}},"8":{"start":{"line":16,"column":14},"end":{"line":16,"column":76}},"9":{"start":{"line":24,"column":15},"end":{"line":29,"column":2}},"10":{"start":{"line":32,"column":0},"end":{"line":35,"column":1}},"11":{"start":{"line":33,"column":2},"end":{"line":33,"column":73}},"12":{"start":{"line":34,"column":2},"end":{"line":34,"column":18}},"13":{"start":{"line":37,"column":12},"end":{"line":37,"column":23}},"14":{"start":{"line":40,"column":21},"end":{"line":40,"column":93}},"15":{"start":{"line":43,"column":13},"end":{"line":49,"column":2}}},"fnMap":{"0":{"name":"(anonymous_0)","decl":{"start":{"line":16,"column":4},"end":{"line":16,"column":5}},"loc":{"start":{"line":16,"column":14},"end":{"line":16,"column":76}}}},"branchMap":{"0":{"loc":{"start":{"line":16,"column":14},"end":{"line":16,"column":76}},"type":"binary-expr","locations":[{"start":{"line":16,"column":14},"end":{"line":16,"column":36}},{"start":{"line":16,"column":40},"end":{"line":16,"column":56}},{"start":{"line":16,"column":60},"end":{"line":16,"column":76}}]},"1":{"loc":{"start":{"line":32,"column":0},"end":{"line":35,"column":1}},"type":"if","locations":[{"start":{"line":32,"column":0},"end":{"line":35,"column":1}},{"start":{},"end":{}}]},"2":{"loc":{"start":{"line":40,"column":21},"end":{"line":40,"column":93}},"type":"cond-expr","locations":[{"start":{"line":40,"column":43},"end":{"line":40,"column":63}},{"start":{"line":40,"column":66},"end":{"line":40,"column":93}}]}},"s":{"0":1,"1":1,"2":1,"3":1,"4":1,"5":1,"6":1,"7":1,"8":1,"9":1,"10":1,"11":0,"12":0,"13":1,"14":1,"15":1},"f":{"0":1},"b":{"0":[1,1,1],"1":[0,1],"2":[1,0]}}
,"C:\\Users\\Erez\\OneDrive\\Documents\\CS\\Bootcamp\\Firewall\\backend\\src\\config\\schema.ts": {"path":"C:\\Users\\Erez\\OneDrive\\Documents\\CS\\Bootcamp\\Firewall\\backend\\src\\config\\schema.ts","statementMap":{"0":{"start":{"line":1,"column":0},"end":{"line":1,"column":83}},"1":{"start":{"line":3,"column":13},"end":{"line":10,"column":3}}},"fnMap":{},"branchMap":{},"s":{"0":1,"1":1},"f":{},"b":{}}
,"C:\\Users\\Erez\\OneDrive\\Documents\\CS\\Bootcamp\\Firewall\\backend\\src\\routes\\firewall.ts": {"path":"C:\\Users\\Erez\\OneDrive\\Documents\\CS\\Bootcamp\\Firewall\\backend\\src\\routes\\firewall.ts","statementMap":{"0":{"start":{"line":2,"column":0},"end":{"line":2,"column":30}},"1":{"start":{"line":3,"column":0},"end":{"line":3,"column":99}},"2":{"start":{"line":4,"column":0},"end":{"line":4,"column":38}},"3":{"start":{"line":6,"column":15},"end":{"line":6,"column":31}},"4":{"start":{"line":9,"column":0},"end":{"line":20,"column":3}},"5":{"start":{"line":10,"column":2},"end":{"line":10,"column":26}},"6":{"start":{"line":11,"column":27},"end":{"line":11,"column":35}},"7":{"start":{"line":12,"column":2},"end":{"line":19,"column":3}},"8":{"start":{"line":13,"column":18},"end":{"line":13,"column":52}},"9":{"start":{"line":14,"column":4},"end":{"line":14,"column":34}},"10":{"start":{"line":15,"column":4},"end":{"line":15,"column":62}},"11":{"start":{"line":17,"column":4},"end":{"line":17,"column":43}},"12":{"start":{"line":18,"column":4},"end":{"line":18,"column":58}},"13":{"start":{"line":23,"column":0},"end":{"line":38,"column":3}},"14":{"start":{"line":24,"column":2},"end":{"line":24,"column":28}},"15":{"start":{"line":25,"column":27},"end":{"line":25,"column":35}},"16":{"start":{"line":26,"column":2},"end":{"line":37,"column":3}},"17":{"start":{"line":27,"column":20},"end":{"line":27,"column":57}},"18":{"start":{"line":28,"column":4},"end":{"line":31,"column":5}},"19":{"start":{"line":29,"column":6},"end":{"line":29,"column":66}},"20":{"start":{"line":30,"column":6},"end":{"line":30,"column":62}},"21":{"start":{"line":32,"column":4},"end":{"line":32,"column":36}},"22":{"start":{"line":33,"column":4},"end":{"line":33,"column":62}},"23":{"start":{"line":35,"column":4},"end":{"line":35,"column":46}},"24":{"start":{"line":36,"column":4},"end":{"line":36,"column":53}},"25":{"start":{"line":41,"column":0},"end":{"line":52,"column":3}},"26":{"start":{"line":42,"column":2},"end":{"line":42,"column":27}},"27":{"start":{"line":43,"column":27},"end":{"line":43,"column":35}},"28":{"start":{"line":44,"column":2},"end":{"line":51,"column":3}},"29":{"start":{"line":45,"column":18},"end":{"line":45,"column":53}},"30":{"start":{"line":46,"column":4},"end":{"line":46,"column":35}},"31":{"start":{"line":47,"column":4},"end":{"line":47,"column":63}},"32":{"start":{"line":49,"column":4},"end":{"line":49,"column":44}},"33":{"start":{"line":50,"column":4},"end":{"line":50,"column":59}},"34":{"start":{"line":55,"column":0},"end":{"line":70,"column":3}},"35":{"start":{"line":56,"column":2},"end":{"line":56,"column":29}},"36":{"start":{"line":57,"column":27},"end":{"line":57,"column":35}},"37":{"start":{"line":58,"column":2},"end":{"line":69,"column":3}},"38":{"start":{"line":59,"column":20},"end":{"line":59,"column":58}},"39":{"start":{"line":60,"column":4},"end":{"line":63,"column":5}},"40":{"start":{"line":61,"column":6},"end":{"line":61,"column":67}},"41":{"start":{"line":62,"column":6},"end":{"line":62,"column":62}},"42":{"start":{"line":64,"column":4},"end":{"line":64,"column":37}},"43":{"start":{"line":65,"column":4},"end":{"line":65,"column":63}},"44":{"start":{"line":67,"column":4},"end":{"line":67,"column":47}},"45":{"start":{"line":68,"column":4},"end":{"line":68,"column":53}},"46":{"start":{"line":73,"column":0},"end":{"line":84,"column":3}},"47":{"start":{"line":74,"column":2},"end":{"line":74,"column":28}},"48":{"start":{"line":75,"column":27},"end":{"line":75,"column":35}},"49":{"start":{"line":76,"column":2},"end":{"line":83,"column":3}},"50":{"start":{"line":77,"column":18},"end":{"line":77,"column":54}},"51":{"start":{"line":78,"column":4},"end":{"line":78,"column":36}},"52":{"start":{"line":79,"column":4},"end":{"line":79,"column":64}},"53":{"start":{"line":81,"column":4},"end":{"line":81,"column":45}},"54":{"start":{"line":82,"column":4},"end":{"line":82,"column":60}},"55":{"start":{"line":87,"column":0},"end":{"line":102,"column":3}},"56":{"start":{"line":88,"column":2},"end":{"line":88,"column":30}},"57":{"start":{"line":89,"column":27},"end":{"line":89,"column":35}},"58":{"start":{"line":90,"column":2},"end":{"line":101,"column":3}},"59":{"start":{"line":91,"column":20},"end":{"line":91,"column":59}},"60":{"start":{"line":92,"column":4},"end":{"line":95,"column":5}},"61":{"start":{"line":93,"column":6},"end":{"line":93,"column":68}},"62":{"start":{"line":94,"column":6},"end":{"line":94,"column":62}},"63":{"start":{"line":96,"column":4},"end":{"line":96,"column":38}},"64":{"start":{"line":97,"column":4},"end":{"line":97,"column":64}},"65":{"start":{"line":99,"column":4},"end":{"line":99,"column":48}},"66":{"start":{"line":100,"column":4},"end":{"line":100,"column":53}},"67":{"start":{"line":105,"column":0},"end":{"line":115,"column":3}},"68":{"start":{"line":106,"column":2},"end":{"line":106,"column":28}},"69":{"start":{"line":107,"column":2},"end":{"line":114,"column":3}},"70":{"start":{"line":108,"column":18},"end":{"line":108,"column":37}},"71":{"start":{"line":109,"column":4},"end":{"line":109,"column":33}},"72":{"start":{"line":110,"column":4},"end":{"line":110,"column":20}},"73":{"start":{"line":112,"column":4},"end":{"line":112,"column":42}},"74":{"start":{"line":113,"column":4},"end":{"line":113,"column":52}},"75":{"start":{"line":118,"column":0},"end":{"line":142,"column":3}},"76":{"start":{"line":119,"column":2},"end":{"line":119,"column":28}},"77":{"start":{"line":120,"column":30},"end":{"line":120,"column":38}},"78":{"start":{"line":121,"column":23},"end":{"line":121,"column":25}},"79":{"start":{"line":122,"column":2},"end":{"line":141,"column":3}},"80":{"start":{"line":123,"column":4},"end":{"line":125,"column":5}},"81":{"start":{"line":124,"column":6},"end":{"line":124,"column":92}},"82":{"start":{"line":126,"column":4},"end":{"line":128,"column":5}},"83":{"start":{"line":127,"column":6},"end":{"line":127,"column":96}},"84":{"start":{"line":129,"column":4},"end":{"line":131,"column":5}},"85":{"start":{"line":130,"column":6},"end":{"line":130,"column":100}},"86":{"start":{"line":132,"column":4},"end":{"line":135,"column":5}},"87":{"start":{"line":133,"column":6},"end":{"line":133,"column":63}},"88":{"start":{"line":134,"column":6},"end":{"line":134,"column":62}},"89":{"start":{"line":136,"column":4},"end":{"line":136,"column":33}},"90":{"start":{"line":137,"column":4},"end":{"line":137,"column":26}},"91":{"start":{"line":139,"column":4},"end":{"line":139,"column":43}},"92":{"start":{"line":140,"column":4},"end":{"line":140,"column":53}},"93":{"start":{"line":144,"column":0},"end":{"line":144,"column":22}}},"fnMap":{"0":{"name":"(anonymous_1)","decl":{"start":{"line":9,"column":19},"end":{"line":9,"column":24}},"loc":{"start":{"line":9,"column":38},"end":{"line":20,"column":1}}},"1":{"name":"(anonymous_2)","decl":{"start":{"line":23,"column":21},"end":{"line":23,"column":26}},"loc":{"start":{"line":23,"column":40},"end":{"line":38,"column":1}}},"2":{"name":"(anonymous_3)","decl":{"start":{"line":41,"column":20},"end":{"line":41,"column":25}},"loc":{"start":{"line":41,"column":39},"end":{"line":52,"column":1}}},"3":{"name":"(anonymous_4)","decl":{"start":{"line":55,"column":22},"end":{"line":55,"column":27}},"loc":{"start":{"line":55,"column":41},"end":{"line":70,"column":1}}},"4":{"name":"(anonymous_5)","decl":{"start":{"line":73,"column":21},"end":{"line":73,"column":26}},"loc":{"start":{"line":73,"column":40},"end":{"line":84,"column":1}}},"5":{"name":"(anonymous_6)","decl":{"start":{"line":87,"column":23},"end":{"line":87,"column":28}},"loc":{"start":{"line":87,"column":42},"end":{"line":102,"column":1}}},"6":{"name":"(anonymous_7)","decl":{"start":{"line":105,"column":21},"end":{"line":105,"column":26}},"loc":{"start":{"line":105,"column":40},"end":{"line":115,"column":1}}},"7":{"name":"(anonymous_8)","decl":{"start":{"line":118,"column":21},"end":{"line":118,"column":26}},"loc":{"start":{"line":118,"column":40},"end":{"line":142,"column":1}}}},"branchMap":{"0":{"loc":{"start":{"line":28,"column":4},"end":{"line":31,"column":5}},"type":"if","locations":[{"start":{"line":28,"column":4},"end":{"line":31,"column":5}},{"start":{},"end":{}}]},"1":{"loc":{"start":{"line":28,"column":8},"end":{"line":28,"column":40}},"type":"binary-expr","locations":[{"start":{"line":28,"column":8},"end":{"line":28,"column":16}},{"start":{"line":28,"column":20},"end":{"line":28,"column":40}}]},"2":{"loc":{"start":{"line":60,"column":4},"end":{"line":63,"column":5}},"type":"if","locations":[{"start":{"line":60,"column":4},"end":{"line":63,"column":5}},{"start":{},"end":{}}]},"3":{"loc":{"start":{"line":60,"column":8},"end":{"line":60,"column":40}},"type":"binary-expr","locations":[{"start":{"line":60,"column":8},"end":{"line":60,"column":16}},{"start":{"line":60,"column":20},"end":{"line":60,"column":40}}]},"4":{"loc":{"start":{"line":92,"column":4},"end":{"line":95,"column":5}},"type":"if","locations":[{"start":{"line":92,"column":4},"end":{"line":95,"column":5}},{"start":{},"end":{}}]},"5":{"loc":{"start":{"line":92,"column":8},"end":{"line":92,"column":40}},"type":"binary-expr","locations":[{"start":{"line":92,"column":8},"end":{"line":92,"column":16}},{"start":{"line":92,"column":20},"end":{"line":92,"column":40}}]},"6":{"loc":{"start":{"line":123,"column":4},"end":{"line":125,"column":5}},"type":"if","locations":[{"start":{"line":123,"column":4},"end":{"line":125,"column":5}},{"start":{},"end":{}}]},"7":{"loc":{"start":{"line":123,"column":8},"end":{"line":123,"column":22}},"type":"binary-expr","locations":[{"start":{"line":123,"column":8},"end":{"line":123,"column":11}},{"start":{"line":123,"column":15},"end":{"line":123,"column":22}}]},"8":{"loc":{"start":{"line":126,"column":4},"end":{"line":128,"column":5}},"type":"if","locations":[{"start":{"line":126,"column":4},"end":{"line":128,"column":5}},{"start":{},"end":{}}]},"9":{"loc":{"start":{"line":126,"column":8},"end":{"line":126,"column":24}},"type":"binary-expr","locations":[{"start":{"line":126,"column":8},"end":{"line":126,"column":12}},{"start":{"line":126,"column":16},"end":{"line":126,"column":24}}]},"10":{"loc":{"start":{"line":129,"column":4},"end":{"line":131,"column":5}},"type":"if","locations":[{"start":{"line":129,"column":4},"end":{"line":131,"column":5}},{"start":{},"end":{}}]},"11":{"loc":{"start":{"line":129,"column":8},"end":{"line":129,"column":26}},"type":"binary-expr","locations":[{"start":{"line":129,"column":8},"end":{"line":129,"column":13}},{"start":{"line":129,"column":17},"end":{"line":129,"column":26}}]},"12":{"loc":{"start":{"line":132,"column":4},"end":{"line":135,"column":5}},"type":"if","locations":[{"start":{"line":132,"column":4},"end":{"line":135,"column":5}},{"start":{},"end":{}}]}},"s":{"0":1,"1":1,"2":1,"3":1,"4":1,"5":8,"6":8,"7":8,"8":8,"9":2,"10":2,"11":6,"12":6,"13":1,"14":2,"15":2,"16":2,"17":2,"18":1,"19":0,"20":0,"21":1,"22":1,"23":1,"24":1,"25":1,"26":6,"27":6,"28":6,"29":6,"30":3,"31":3,"32":3,"33":3,"34":1,"35":2,"36":2,"37":2,"38":2,"39":2,"40":1,"41":1,"42":1,"43":1,"44":0,"45":0,"46":1,"47":8,"48":8,"49":8,"50":8,"51":3,"52":3,"53":5,"54":5,"55":1,"56":4,"57":4,"58":4,"59":4,"60":3,"61":2,"62":2,"63":1,"64":1,"65":1,"66":1,"67":1,"68":4,"69":4,"70":4,"71":3,"72":3,"73":1,"74":1,"75":1,"76":5,"77":5,"78":5,"79":5,"80":5,"81":1,"82":5,"83":1,"84":5,"85":2,"86":4,"87":1,"88":1,"89":3,"90":3,"91":1,"92":1,"93":1},"f":{"0":8,"1":2,"2":6,"3":2,"4":8,"5":4,"6":4,"7":5},"b":{"0":[0,1],"1":[1,1],"2":[1,1],"3":[2,2],"4":[2,1],"5":[3,3],"6":[1,4],"7":[5,1],"8":[1,4],"9":[5,1],"10":[2,3],"11":[5,2],"12":[1,3]}}
,"C:\\Users\\Erez\\OneDrive\\Documents\\CS\\Bootcamp\\Firewall\\backend\\src\\services\\firewallService.ts": {"path":"C:\\Users\\Erez\\OneDrive\\Documents\\CS\\Bootcamp\\Firewall\\backend\\src\\services\\firewallService.ts","statementMap":{"0":{"start":{"line":31,"column":0},"end":{"line":31,"column":7}},"1":{"start":{"line":66,"column":0},"end":{"line":66,"column":7}},"2":{"start":{"line":82,"column":0},"end":{"line":82,"column":7}},"3":{"start":{"line":98,"column":0},"end":{"line":98,"column":7}},"4":{"start":{"line":3,"column":0},"end":{"line":3,"column":39}},"5":{"start":{"line":4,"column":0},"end":{"line":4,"column":50}},"6":{"start":{"line":5,"column":0},"end":{"line":5,"column":38}},"7":{"start":{"line":6,"column":0},"end":{"line":6,"column":38}},"8":{"start":{"line":10,"column":16},"end":{"line":10,"column":29}},"9":{"start":{"line":11,"column":2},"end":{"line":11,"column":39}},"10":{"start":{"line":11,"column":26},"end":{"line":11,"column":39}},"11":{"start":{"line":12,"column":2},"end":{"line":16,"column":3}},"12":{"start":{"line":13,"column":16},"end":{"line":13,"column":28}},"13":{"start":{"line":14,"column":4},"end":{"line":14,"column":57}},"14":{"start":{"line":14,"column":44},"end":{"line":14,"column":57}},"15":{"start":{"line":15,"column":4},"end":{"line":15,"column":62}},"16":{"start":{"line":15,"column":49},"end":{"line":15,"column":62}},"17":{"start":{"line":17,"column":2},"end":{"line":17,"column":14}},"18":{"start":{"line":21,"column":2},"end":{"line":21,"column":62}},"19":{"start":{"line":25,"column":2},"end":{"line":28,"column":31}},"20":{"start":{"line":26,"column":4},"end":{"line":26,"column":17}},"21":{"start":{"line":27,"column":4},"end":{"line":27,"column":16}},"22":{"start":{"line":28,"column":16},"end":{"line":28,"column":29}},"23":{"start":{"line":32,"column":2},"end":{"line":56,"column":3}},"24":{"start":{"line":33,"column":4},"end":{"line":36,"column":5}},"25":{"start":{"line":34,"column":6},"end":{"line":34,"column":42}},"26":{"start":{"line":35,"column":6},"end":{"line":35,"column":54}},"27":{"start":{"line":37,"column":4},"end":{"line":40,"column":5}},"28":{"start":{"line":38,"column":6},"end":{"line":38,"column":44}},"29":{"start":{"line":39,"column":6},"end":{"line":39,"column":48}},"30":{"start":{"line":41,"column":4},"end":{"line":44,"column":5}},"31":{"start":{"line":42,"column":6},"end":{"line":42,"column":43}},"32":{"start":{"line":43,"column":6},"end":{"line":43,"column":47}},"33":{"start":{"line":46,"column":21},"end":{"line":51,"column":8}},"34":{"start":{"line":52,"column":4},"end":{"line":55,"column":5}},"35":{"start":{"line":53,"column":6},"end":{"line":53,"column":65}},"36":{"start":{"line":54,"column":6},"end":{"line":54,"column":50}},"37":{"start":{"line":57,"column":35},"end":{"line":57,"column":37}},"38":{"start":{"line":58,"column":2},"end":{"line":61,"column":3}},"39":{"start":{"line":59,"column":19},"end":{"line":59,"column":121}},"40":{"start":{"line":60,"column":4},"end":{"line":60,"column":68}},"41":{"start":{"line":60,"column":27},"end":{"line":60,"column":68}},"42":{"start":{"line":62,"column":2},"end":{"line":62,"column":50}},"43":{"start":{"line":63,"column":2},"end":{"line":63,"column":18}},"44":{"start":{"line":67,"column":31},"end":{"line":67,"column":33}},"45":{"start":{"line":68,"column":2},"end":{"line":77,"column":3}},"46":{"start":{"line":69,"column":20},"end":{"line":75,"column":43}},"47":{"start":{"line":76,"column":4},"end":{"line":76,"column":59}},"48":{"start":{"line":76,"column":28},"end":{"line":76,"column":59}},"49":{"start":{"line":78,"column":2},"end":{"line":78,"column":54}},"50":{"start":{"line":79,"column":2},"end":{"line":79,"column":20}},"51":{"start":{"line":83,"column":16},"end":{"line":83,"column":54}},"52":{"start":{"line":84,"column":17},"end":{"line":88,"column":4}},"53":{"start":{"line":89,"column":2},"end":{"line":94,"column":3}},"54":{"start":{"line":90,"column":18},"end":{"line":90,"column":52}},"55":{"start":{"line":91,"column":4},"end":{"line":91,"column":82}},"56":{"start":{"line":91,"column":28},"end":{"line":91,"column":82}},"57":{"start":{"line":92,"column":4},"end":{"line":92,"column":84}},"58":{"start":{"line":92,"column":29},"end":{"line":92,"column":84}},"59":{"start":{"line":93,"column":4},"end":{"line":93,"column":86}},"60":{"start":{"line":93,"column":30},"end":{"line":93,"column":86}},"61":{"start":{"line":95,"column":2},"end":{"line":95,"column":16}},"62":{"start":{"line":99,"column":34},"end":{"line":99,"column":36}},"63":{"start":{"line":100,"column":2},"end":{"line":114,"column":3}},"64":{"start":{"line":101,"column":19},"end":{"line":108,"column":18}},"65":{"start":{"line":109,"column":4},"end":{"line":113,"column":5}},"66":{"start":{"line":109,"column":27},"end":{"line":109,"column":67}},"67":{"start":{"line":111,"column":6},"end":{"line":111,"column":69}},"68":{"start":{"line":112,"column":6},"end":{"line":112,"column":73}},"69":{"start":{"line":115,"column":2},"end":{"line":115,"column":17}}},"fnMap":{"0":{"name":"isValidIP","decl":{"start":{"line":9,"column":9},"end":{"line":9,"column":18}},"loc":{"start":{"line":9,"column":29},"end":{"line":18,"column":1}}},"1":{"name":"isValidPort","decl":{"start":{"line":20,"column":9},"end":{"line":20,"column":20}},"loc":{"start":{"line":20,"column":33},"end":{"line":22,"column":1}}},"2":{"name":"isValidURL","decl":{"start":{"line":24,"column":9},"end":{"line":24,"column":19}},"loc":{"start":{"line":24,"column":31},"end":{"line":29,"column":1}}},"3":{"name":"addRules","decl":{"start":{"line":31,"column":22},"end":{"line":31,"column":30}},"loc":{"start":{"line":31,"column":104},"end":{"line":64,"column":1}}},"4":{"name":"removeRules","decl":{"start":{"line":66,"column":22},"end":{"line":66,"column":33}},"loc":{"start":{"line":66,"column":107},"end":{"line":80,"column":1}}},"5":{"name":"getAllRules","decl":{"start":{"line":82,"column":22},"end":{"line":82,"column":33}},"loc":{"start":{"line":82,"column":33},"end":{"line":96,"column":1}}},"6":{"name":"updateRuleStatus","decl":{"start":{"line":98,"column":22},"end":{"line":98,"column":38}},"loc":{"start":{"line":98,"column":117},"end":{"line":116,"column":1}}}},"branchMap":{"0":{"loc":{"start":{"line":11,"column":2},"end":{"line":11,"column":39}},"type":"if","locations":[{"start":{"line":11,"column":2},"end":{"line":11,"column":39}},{"start":{},"end":{}}]},"1":{"loc":{"start":{"line":14,"column":4},"end":{"line":14,"column":57}},"type":"if","locations":[{"start":{"line":14,"column":4},"end":{"line":14,"column":57}},{"start":{},"end":{}}]},"2":{"loc":{"start":{"line":14,"column":8},"end":{"line":14,"column":42}},"type":"binary-expr","locations":[{"start":{"line":14,"column":8},"end":{"line":14,"column":18}},{"start":{"line":14,"column":22},"end":{"line":14,"column":29}},{"start":{"line":14,"column":33},"end":{"line":14,"column":42}}]},"3":{"loc":{"start":{"line":15,"column":4},"end":{"line":15,"column":62}},"type":"if","locations":[{"start":{"line":15,"column":4},"end":{"line":15,"column":62}},{"start":{},"end":{}}]},"4":{"loc":{"start":{"line":15,"column":8},"end":{"line":15,"column":47}},"type":"binary-expr","locations":[{"start":{"line":15,"column":8},"end":{"line":15,"column":23}},{"start":{"line":15,"column":27},"end":{"line":15,"column":47}}]},"5":{"loc":{"start":{"line":21,"column":9},"end":{"line":21,"column":61}},"type":"binary-expr","locations":[{"start":{"line":21,"column":9},"end":{"line":21,"column":31}},{"start":{"line":21,"column":35},"end":{"line":21,"column":44}},{"start":{"line":21,"column":48},"end":{"line":21,"column":61}}]},"6":{"loc":{"start":{"line":33,"column":4},"end":{"line":36,"column":5}},"type":"if","locations":[{"start":{"line":33,"column":4},"end":{"line":36,"column":5}},{"start":{},"end":{}}]},"7":{"loc":{"start":{"line":33,"column":8},"end":{"line":33,"column":73}},"type":"binary-expr","locations":[{"start":{"line":33,"column":8},"end":{"line":33,"column":21}},{"start":{"line":33,"column":26},"end":{"line":33,"column":51}},{"start":{"line":33,"column":55},"end":{"line":33,"column":72}}]},"8":{"loc":{"start":{"line":37,"column":4},"end":{"line":40,"column":5}},"type":"if","locations":[{"start":{"line":37,"column":4},"end":{"line":40,"column":5}},{"start":{},"end":{}}]},"9":{"loc":{"start":{"line":37,"column":8},"end":{"line":37,"column":77}},"type":"binary-expr","locations":[{"start":{"line":37,"column":8},"end":{"line":37,"column":23}},{"start":{"line":37,"column":28},"end":{"line":37,"column":53}},{"start":{"line":37,"column":57},"end":{"line":37,"column":76}}]},"10":{"loc":{"start":{"line":41,"column":4},"end":{"line":44,"column":5}},"type":"if","locations":[{"start":{"line":41,"column":4},"end":{"line":44,"column":5}},{"start":{},"end":{}}]},"11":{"loc":{"start":{"line":41,"column":8},"end":{"line":41,"column":75}},"type":"binary-expr","locations":[{"start":{"line":41,"column":8},"end":{"line":41,"column":22}},{"start":{"line":41,"column":27},"end":{"line":41,"column":52}},{"start":{"line":41,"column":56},"end":{"line":41,"column":74}}]},"12":{"loc":{"start":{"line":52,"column":4},"end":{"line":55,"column":5}},"type":"if","locations":[{"start":{"line":52,"column":4},"end":{"line":55,"column":5}},{"start":{},"end":{}}]},"13":{"loc":{"start":{"line":60,"column":4},"end":{"line":60,"column":68}},"type":"if","locations":[{"start":{"line":60,"column":4},"end":{"line":60,"column":68}},{"start":{},"end":{}}]},"14":{"loc":{"start":{"line":76,"column":4},"end":{"line":76,"column":59}},"type":"if","locations":[{"start":{"line":76,"column":4},"end":{"line":76,"column":59}},{"start":{},"end":{}}]},"15":{"loc":{"start":{"line":91,"column":4},"end":{"line":91,"column":82}},"type":"if","locations":[{"start":{"line":91,"column":4},"end":{"line":91,"column":82}},{"start":{},"end":{}}]},"16":{"loc":{"start":{"line":92,"column":4},"end":{"line":92,"column":84}},"type":"if","locations":[{"start":{"line":92,"column":4},"end":{"line":92,"column":84}},{"start":{},"end":{}}]},"17":{"loc":{"start":{"line":93,"column":4},"end":{"line":93,"column":86}},"type":"if","locations":[{"start":{"line":93,"column":4},"end":{"line":93,"column":86}},{"start":{},"end":{}}]},"18":{"loc":{"start":{"line":109,"column":4},"end":{"line":113,"column":5}},"type":"if","locations":[{"start":{"line":109,"column":4},"end":{"line":113,"column":5}},{"start":{"line":110,"column":9},"end":{"line":113,"column":5}}]}},"s":{"0":1,"1":1,"2":1,"3":1,"4":1,"5":1,"6":1,"7":1,"8":7,"9":7,"10":1,"11":6,"12":18,"13":18,"14":1,"15":17,"16":1,"17":4,"18":7,"19":6,"20":6,"21":5,"22":1,"23":22,"24":21,"25":3,"26":3,"27":18,"28":3,"29":3,"30":15,"31":1,"32":1,"33":14,"34":14,"35":6,"36":6,"37":8,"38":8,"39":8,"40":8,"41":8,"42":8,"43":8,"44":7,"45":7,"46":6,"47":6,"48":3,"49":6,"50":6,"51":3,"52":3,"53":3,"54":13,"55":13,"56":4,"57":13,"58":4,"59":13,"60":5,"61":3,"62":4,"63":4,"64":4,"65":4,"66":3,"67":1,"68":1,"69":3},"f":{"0":7,"1":7,"2":6,"3":22,"4":7,"5":3,"6":4},"b":{"0":[1,6],"1":[1,17],"2":[18,18,18],"3":[1,16],"4":[17,5],"5":[7,7,6],"6":[3,18],"7":[21,7,7],"8":[3,15],"9":[18,8,7],"10":[1,14],"11":[15,6,6],"12":[6,8],"13":[8,0],"14":[3,3],"15":[4,9],"16":[4,9],"17":[5,8],"18":[3,1]}}
}
