TN:
SF:scripts\mock_data_population.ts
FN:9,getRandomIP
FN:12,getRandomPort
FN:15,getRandomURL
FN:18,getRandomType
FN:21,getRandomMode
FN:26,populateMockData
FN:79,(anonymous_6)
FNF:7
FNH:0
FNDA:0,getRandomIP
FNDA:0,getRandomPort
FNDA:0,getRandomURL
FNDA:0,getRandomType
FNDA:0,getRandomMode
FNDA:0,populateMockData
FNDA:0,(anonymous_6)
DA:2,1
DA:3,1
DA:4,1
DA:10,0
DA:13,0
DA:16,0
DA:19,0
DA:22,0
DA:27,0
DA:29,0
DA:30,0
DA:38,0
DA:39,0
DA:40,0
DA:41,0
DA:43,0
DA:44,0
DA:52,0
DA:53,0
DA:54,0
DA:55,0
DA:57,0
DA:58,0
DA:66,0
DA:67,0
DA:68,0
DA:69,0
DA:71,0
DA:72,0
DA:78,1
DA:79,0
DA:81,0
LF:32
LH:4
BRDA:78,0,0,0
BRDA:78,0,1,1
BRDA:78,1,0,1
BRDA:78,1,1,1
BRDA:78,1,2,1
BRF:5
BRH:4
end_of_record
TN:
SF:src\server.ts
FN:17,(anonymous_1)
FNF:1
FNH:0
FNDA:0,(anonymous_1)
DA:3,1
DA:4,1
DA:5,1
DA:6,1
DA:8,1
DA:9,1
DA:10,1
DA:16,1
DA:17,0
DA:18,0
DA:22,1
LF:11
LH:9
BRDA:16,0,0,0
BRDA:16,0,1,1
BRDA:16,1,0,1
BRDA:16,1,1,1
BRDA:16,1,2,1
BRF:5
BRH:4
end_of_record
TN:
SF:src\config\Logger.ts
FN:10,(anonymous_1)
FN:44,(anonymous_2)
FNF:2
FNH:2
FNDA:107,(anonymous_1)
FNDA:1,(anonymous_2)
DA:1,1
DA:2,1
DA:4,1
DA:7,1
DA:11,107
DA:15,1
DA:16,1
DA:18,1
DA:19,1
DA:20,0
DA:23,0
DA:25,1
DA:28,1
DA:32,0
DA:33,0
DA:34,0
DA:37,1
DA:44,1
DA:45,1
DA:48,1
LF:20
LH:15
BRDA:11,0,0,0
BRDA:11,0,1,107
BRDA:19,1,0,0
BRDA:19,1,1,1
BRF:4
BRH:2
end_of_record
TN:
SF:src\config\drizzle.ts
FNF:0
FNH:0
DA:1,1
DA:2,1
DA:3,1
DA:5,1
DA:6,1
LF:5
LH:5
BRF:0
BRH:0
end_of_record
TN:
SF:src\config\env.ts
FN:16,(anonymous_0)
FNF:1
FNH:1
FNDA:1,(anonymous_0)
DA:2,1
DA:3,1
DA:6,1
DA:7,1
DA:8,1
DA:9,1
DA:10,1
DA:13,1
DA:16,1
DA:24,1
DA:32,1
DA:33,0
DA:34,0
DA:37,1
DA:40,1
DA:43,1
LF:16
LH:14
BRDA:16,0,0,1
BRDA:16,0,1,1
BRDA:16,0,2,1
BRDA:32,1,0,0
BRDA:32,1,1,1
BRDA:40,2,0,1
BRDA:40,2,1,0
BRF:7
BRH:5
end_of_record
TN:
SF:src\config\schema.ts
FNF:0
FNH:0
DA:1,1
DA:3,1
LF:2
LH:2
BRF:0
BRH:0
end_of_record
TN:
SF:src\routes\firewall.ts
FN:9,(anonymous_1)
FN:23,(anonymous_2)
FN:41,(anonymous_3)
FN:55,(anonymous_4)
FN:73,(anonymous_5)
FN:87,(anonymous_6)
FN:105,(anonymous_7)
FN:118,(anonymous_8)
FNF:8
FNH:8
FNDA:8,(anonymous_1)
FNDA:2,(anonymous_2)
FNDA:6,(anonymous_3)
FNDA:2,(anonymous_4)
FNDA:8,(anonymous_5)
FNDA:4,(anonymous_6)
FNDA:4,(anonymous_7)
FNDA:5,(anonymous_8)
DA:2,1
DA:3,1
DA:4,1
DA:6,1
DA:9,1
DA:10,8
DA:11,8
DA:12,8
DA:13,8
DA:14,2
DA:15,2
DA:17,6
DA:18,6
DA:23,1
DA:24,2
DA:25,2
DA:26,2
DA:27,2
DA:28,1
DA:29,0
DA:30,0
DA:32,1
DA:33,1
DA:35,1
DA:36,1
DA:41,1
DA:42,6
DA:43,6
DA:44,6
DA:45,6
DA:46,3
DA:47,3
DA:49,3
DA:50,3
DA:55,1
DA:56,2
DA:57,2
DA:58,2
DA:59,2
DA:60,2
DA:61,1
DA:62,1
DA:64,1
DA:65,1
DA:67,0
DA:68,0
DA:73,1
DA:74,8
DA:75,8
DA:76,8
DA:77,8
DA:78,3
DA:79,3
DA:81,5
DA:82,5
DA:87,1
DA:88,4
DA:89,4
DA:90,4
DA:91,4
DA:92,3
DA:93,2
DA:94,2
DA:96,1
DA:97,1
DA:99,1
DA:100,1
DA:105,1
DA:106,4
DA:107,4
DA:108,4
DA:109,3
DA:110,3
DA:112,1
DA:113,1
DA:118,1
DA:119,5
DA:120,5
DA:121,5
DA:122,5
DA:123,5
DA:124,1
DA:126,5
DA:127,1
DA:129,5
DA:130,2
DA:132,4
DA:133,1
DA:134,1
DA:136,3
DA:137,3
DA:139,1
DA:140,1
DA:144,1
LF:94
LH:90
BRDA:28,0,0,0
BRDA:28,0,1,1
BRDA:28,1,0,1
BRDA:28,1,1,1
BRDA:60,2,0,1
BRDA:60,2,1,1
BRDA:60,3,0,2
BRDA:60,3,1,2
BRDA:92,4,0,2
BRDA:92,4,1,1
BRDA:92,5,0,3
BRDA:92,5,1,3
BRDA:123,6,0,1
BRDA:123,6,1,4
BRDA:123,7,0,5
BRDA:123,7,1,1
BRDA:126,8,0,1
BRDA:126,8,1,4
BRDA:126,9,0,5
BRDA:126,9,1,1
BRDA:129,10,0,2
BRDA:129,10,1,3
BRDA:129,11,0,5
BRDA:129,11,1,2
BRDA:132,12,0,1
BRDA:132,12,1,3
BRF:26
BRH:25
end_of_record
TN:
SF:src\services\firewallService.ts
FN:9,isValidIP
FN:20,isValidPort
FN:24,isValidURL
FN:31,addRules
FN:66,removeRules
FN:82,getAllRules
FN:98,updateRuleStatus
FNF:7
FNH:7
FNDA:7,isValidIP
FNDA:7,isValidPort
FNDA:6,isValidURL
FNDA:22,addRules
FNDA:7,removeRules
FNDA:3,getAllRules
FNDA:4,updateRuleStatus
DA:3,1
DA:4,1
DA:5,1
DA:6,1
DA:10,7
DA:11,7
DA:12,6
DA:13,18
DA:14,18
DA:15,17
DA:17,4
DA:21,7
DA:25,6
DA:26,6
DA:27,5
DA:28,1
DA:31,1
DA:32,22
DA:33,21
DA:34,3
DA:35,3
DA:37,18
DA:38,3
DA:39,3
DA:41,15
DA:42,1
DA:43,1
DA:46,14
DA:52,14
DA:53,6
DA:54,6
DA:57,8
DA:58,8
DA:59,8
DA:60,8
DA:62,8
DA:63,8
DA:66,1
DA:67,7
DA:68,7
DA:69,6
DA:76,6
DA:78,6
DA:79,6
DA:82,1
DA:83,3
DA:84,3
DA:89,3
DA:90,13
DA:91,13
DA:92,13
DA:93,13
DA:95,3
DA:98,1
DA:99,4
DA:100,4
DA:101,4
DA:109,4
DA:111,1
DA:112,1
DA:115,3
LF:61
LH:61
BRDA:11,0,0,1
BRDA:11,0,1,6
BRDA:14,1,0,1
BRDA:14,1,1,17
BRDA:14,2,0,18
BRDA:14,2,1,18
BRDA:14,2,2,18
BRDA:15,3,0,1
BRDA:15,3,1,16
BRDA:15,4,0,17
BRDA:15,4,1,5
BRDA:21,5,0,7
BRDA:21,5,1,7
BRDA:21,5,2,6
BRDA:33,6,0,3
BRDA:33,6,1,18
BRDA:33,7,0,21
BRDA:33,7,1,7
BRDA:33,7,2,7
BRDA:37,8,0,3
BRDA:37,8,1,15
BRDA:37,9,0,18
BRDA:37,9,1,8
BRDA:37,9,2,7
BRDA:41,10,0,1
BRDA:41,10,1,14
BRDA:41,11,0,15
BRDA:41,11,1,6
BRDA:41,11,2,6
BRDA:52,12,0,6
BRDA:52,12,1,8
BRDA:60,13,0,8
BRDA:60,13,1,0
BRDA:76,14,0,3
BRDA:76,14,1,3
BRDA:91,15,0,4
BRDA:91,15,1,9
BRDA:92,16,0,4
BRDA:92,16,1,9
BRDA:93,17,0,5
BRDA:93,17,1,8
BRDA:109,18,0,3
BRDA:109,18,1,1
BRF:43
BRH:42
end_of_record
